{
  "RSpec": {
    "coverage": {
      "/Users/JEC/Turing/3Module/projects/slack_mood/room_temperature/app/helpers/application_helper.rb": [
        1,
        null
      ],
      "/Users/JEC/Turing/3Module/projects/slack_mood/room_temperature/app/models/channel.rb": [
        1,
        1,
        1,
        1,
        null,
        null,
        1,
        1,
        null
      ],
      "/Users/JEC/Turing/3Module/projects/slack_mood/room_temperature/app/models/graph_manager.rb": [
        1,
        1,
        null,
        1,
        8,
        8,
        8,
        null,
        null,
        1,
        8,
        5,
        null,
        null,
        1,
        4,
        0,
        null,
        null,
        null,
        1,
        1,
        0,
        null,
        null,
        null,
        1,
        2,
        0,
        0,
        null,
        null,
        null,
        1,
        2,
        2,
        0,
        0,
        null,
        0,
        null,
        null,
        null,
        1,
        0,
        null,
        null,
        1,
        0,
        null,
        null,
        1,
        0,
        0,
        0,
        null,
        null
      ],
      "/Users/JEC/Turing/3Module/projects/slack_mood/room_temperature/app/models/sentiment.rb": [
        1,
        1,
        1,
        1,
        1,
        null,
        1,
        1,
        1,
        null,
        1,
        1,
        null,
        1,
        0,
        null,
        null,
        1,
        0,
        null,
        null,
        1,
        0,
        null,
        null
      ],
      "/Users/JEC/Turing/3Module/projects/slack_mood/room_temperature/app/models/team.rb": [
        1,
        1,
        1,
        null,
        1,
        1,
        1,
        null
      ],
      "/Users/JEC/Turing/3Module/projects/slack_mood/room_temperature/app/models/user.rb": [
        1,
        1,
        null,
        null,
        1,
        1,
        null,
        1,
        2,
        null,
        2,
        2,
        2,
        null,
        2,
        2,
        null,
        null
      ],
      "/Users/JEC/Turing/3Module/projects/slack_mood/room_temperature/app/services/slack_service.rb": [
        1,
        1,
        null,
        1,
        1,
        1,
        1,
        null,
        null,
        null,
        1,
        1,
        1,
        1,
        1,
        1,
        null,
        1,
        1,
        null,
        null,
        1,
        0,
        0,
        0,
        0,
        null,
        0,
        0,
        null,
        null
      ],
      "/Users/JEC/Turing/3Module/projects/slack_mood/room_temperature/app/controllers/home_controller.rb": [
        1,
        1,
        null,
        1,
        4,
        null,
        null,
        null
      ],
      "/Users/JEC/Turing/3Module/projects/slack_mood/room_temperature/app/controllers/application_controller.rb": [
        1,
        1,
        1,
        null,
        null,
        1,
        1,
        null,
        1,
        13,
        null,
        null,
        1,
        3,
        null,
        null
      ],
      "/Users/JEC/Turing/3Module/projects/slack_mood/room_temperature/app/controllers/sessions_controller.rb": [
        1,
        null,
        1,
        2,
        2,
        2,
        2,
        null,
        0,
        null,
        null,
        null,
        1,
        1,
        1,
        null,
        null,
        null
      ],
      "/Users/JEC/Turing/3Module/projects/slack_mood/room_temperature/app/controllers/dashboards_controller.rb": [
        1,
        1,
        null,
        1,
        2,
        2,
        2,
        2,
        null,
        null,
        null
      ],
      "/Users/JEC/Turing/3Module/projects/slack_mood/room_temperature/app/controllers/channels_controller.rb": [
        0,
        0,
        0,
        0,
        0,
        0,
        0,
        0,
        0,
        0,
        0,
        0,
        0,
        0,
        0,
        0,
        0,
        0,
        0,
        0,
        0,
        0,
        0,
        0,
        0,
        0,
        0,
        0,
        0,
        0,
        0,
        0,
        0,
        0,
        0,
        0,
        0,
        0,
        0,
        0,
        0,
        0,
        0,
        0,
        0,
        0,
        0,
        0,
        0,
        0,
        0,
        0,
        0,
        0,
        0,
        0,
        0,
        0,
        0,
        0,
        0,
        0
      ]
    },
    "timestamp": 1457406004
  }
}
